[2020-09-25T22:10:57.753] [ERROR] error - {
  method: 'GET',
  url: '/api/activity/list',
  body: {},
  err: 'err',
  userAgent: 'Mozilla/5.0 (Macintosh; Intel Mac OS X 10_15_6) AppleWebKit/537.36 (KHTML, like Gecko) Chrome/85.0.4183.121 Safari/537.36',
  host: '192.168.0.10:3333'
}
[2020-09-25T22:11:27.686] [ERROR] error - {
  method: 'GET',
  url: '/api/activity/list?id=10086',
  body: {},
  err: 'err',
  userAgent: 'Mozilla/5.0 (Macintosh; Intel Mac OS X 10_15_6) AppleWebKit/537.36 (KHTML, like Gecko) Chrome/85.0.4183.121 Safari/537.36',
  host: '192.168.0.10:3333'
}
[2020-09-25T22:12:37.351] [ERROR] error - {
  method: 'GET',
  url: '/api/activity/list',
  body: {},
  query: [Object: null prototype] {},
  err: 'err',
  userAgent: 'Mozilla/5.0 (Macintosh; Intel Mac OS X 10_15_6) AppleWebKit/537.36 (KHTML, like Gecko) Chrome/85.0.4183.121 Safari/537.36',
  host: '192.168.0.10:3333'
}
[2020-09-25T22:13:07.945] [ERROR] error - {
  method: 'GET',
  url: '/api/activity/list?id=1',
  body: {},
  query: [Object: null prototype] { id: '1' },
  err: 'err',
  userAgent: 'Mozilla/5.0 (Macintosh; Intel Mac OS X 10_15_6) AppleWebKit/537.36 (KHTML, like Gecko) Chrome/85.0.4183.121 Safari/537.36',
  host: '192.168.0.10:3333'
}
